<?xml version="1.0" encoding="UTF-8"?>
<!-- Generated by org.testng.reporters.JUnitReportReporter -->
<testsuite skipped="0" hostname="IT-C02XJ2H4JHD3" name="restBasicAuthenticationTest" tests="2" failures="0" timestamp="2021-11-07T23:23:36 AEDT" time="1.556" errors="0">
  <testcase name="restBasicAuthenticationinvalidUserTest" time="0.112" classname="restBasicAuthenticationTest"/>
  <system-out/>
  <testcase name="restBasicAuthenticationValidUserTest" time="1.444" classname="restBasicAuthenticationTest"/>
  <system-out/>
</testsuite> <!-- restBasicAuthenticationTest -->
